[35m[1mConsolidate compiler generated dependencies of target patrol_node[0m
[ 50%] [32mBuilding CXX object CMakeFiles/patrol_node.dir/src/patrol.cpp.o[0m
[01m[K/home/user/ros2_ws/src/citylab_project/robot_patrol/src/patrol.cpp:[m[K In member function '[01m[Kvoid Patrol::laser_callback(sensor_msgs::msg::LaserScan_<std::allocator<void> >::SharedPtr)[m[K':
[01m[K/home/user/ros2_ws/src/citylab_project/robot_patrol/src/patrol.cpp:50:16:[m[K [01;31m[Kerror: [m[Kredeclaration of '[01m[Kint front_start[m[K'
   50 |            int [01;31m[Kfront_start[m[K = num_readings / 4;
      |                [01;31m[K^~~~~~~~~~~[m[K
[01m[K/home/user/ros2_ws/src/citylab_project/robot_patrol/src/patrol.cpp:39:16:[m[K [01;36m[Knote: [m[K'[01m[Kint front_start[m[K' previously declared here
   39 |            int [01;36m[Kfront_start[m[K = 3 * num_readings / 8;
      |                [01;36m[K^~~~~~~~~~~[m[K
[01m[K/home/user/ros2_ws/src/citylab_project/robot_patrol/src/patrol.cpp:51:16:[m[K [01;31m[Kerror: [m[Kredeclaration of '[01m[Kint front_end[m[K'
   51 |            int [01;31m[Kfront_end[m[K = 3 * num_readings / 4;
      |                [01;31m[K^~~~~~~~~[m[K
[01m[K/home/user/ros2_ws/src/citylab_project/robot_patrol/src/patrol.cpp:40:16:[m[K [01;36m[Knote: [m[K'[01m[Kint front_end[m[K' previously declared here
   40 |            int [01;36m[Kfront_end[m[K = 5 * num_readings / 8;
      |                [01;36m[K^~~~~~~~~[m[K
gmake[2]: *** [CMakeFiles/patrol_node.dir/build.make:76: CMakeFiles/patrol_node.dir/src/patrol.cpp.o] Error 1
gmake[1]: *** [CMakeFiles/Makefile2:137: CMakeFiles/patrol_node.dir/all] Error 2
gmake: *** [Makefile:146: all] Error 2
