[0.009s] Invoking command in '/home/user/ros2_ws/src/citylab_project/robot_patrol/build/robot_patrol': CMAKE_PREFIX_PATH=${CMAKE_PREFIX_PATH}:/home/simulations/ros2_sims_ws/install/rclrs_tests:/home/simulations/ros2_sims_ws/install/examples_rclrs_minimal_client_service:/home/simulations/ros2_sims_ws/install/sensor_msgs_py:/home/simulations/ros2_sims_ws/install/examples_rclrs_minimal_pub_sub:/home/simulations/ros2_sims_ws/install/examples_rclrs_message_demo:/home/simulations/ros2_sims_ws/install/rclrs:/home/simulations/ros2_sims_ws/install/rosidl_runtime_rs:/opt/ros/humble _=/usr/bin/env /usr/bin/cmake --build /home/user/ros2_ws/src/citylab_project/robot_patrol/build/robot_patrol -- -j8 -l8
[0.087s] [35m[1mConsolidate compiler generated dependencies of target patrol_node[0m
[0.130s] [ 50%] [32mBuilding CXX object CMakeFiles/patrol_node.dir/src/patrol.cpp.o[0m
[3.329s] [01m[K/home/user/ros2_ws/src/citylab_project/robot_patrol/src/patrol.cpp:[m[K In member function '[01m[Kvoid Patrol::laser_callback(sensor_msgs::msg::LaserScan_<std::allocator<void> >::SharedPtr)[m[K':
[3.329s] [01m[K/home/user/ros2_ws/src/citylab_project/robot_patrol/src/patrol.cpp:50:16:[m[K [01;31m[Kerror: [m[Kredeclaration of '[01m[Kint front_start[m[K'
[3.329s]    50 |            int [01;31m[Kfront_start[m[K = num_readings / 4;
[3.330s]       |                [01;31m[K^~~~~~~~~~~[m[K
[3.330s] [01m[K/home/user/ros2_ws/src/citylab_project/robot_patrol/src/patrol.cpp:39:16:[m[K [01;36m[Knote: [m[K'[01m[Kint front_start[m[K' previously declared here
[3.330s]    39 |            int [01;36m[Kfront_start[m[K = 3 * num_readings / 8;
[3.330s]       |                [01;36m[K^~~~~~~~~~~[m[K
[3.330s] [01m[K/home/user/ros2_ws/src/citylab_project/robot_patrol/src/patrol.cpp:51:16:[m[K [01;31m[Kerror: [m[Kredeclaration of '[01m[Kint front_end[m[K'
[3.330s]    51 |            int [01;31m[Kfront_end[m[K = 3 * num_readings / 4;
[3.330s]       |                [01;31m[K^~~~~~~~~[m[K
[3.330s] [01m[K/home/user/ros2_ws/src/citylab_project/robot_patrol/src/patrol.cpp:40:16:[m[K [01;36m[Knote: [m[K'[01m[Kint front_end[m[K' previously declared here
[3.330s]    40 |            int [01;36m[Kfront_end[m[K = 5 * num_readings / 8;
[3.330s]       |                [01;36m[K^~~~~~~~~[m[K
[6.835s] gmake[2]: *** [CMakeFiles/patrol_node.dir/build.make:76: CMakeFiles/patrol_node.dir/src/patrol.cpp.o] Error 1
[6.836s] gmake[1]: *** [CMakeFiles/Makefile2:137: CMakeFiles/patrol_node.dir/all] Error 2
[6.836s] gmake: *** [Makefile:146: all] Error 2
[6.838s] Invoked command in '/home/user/ros2_ws/src/citylab_project/robot_patrol/build/robot_patrol' returned '2': CMAKE_PREFIX_PATH=${CMAKE_PREFIX_PATH}:/home/simulations/ros2_sims_ws/install/rclrs_tests:/home/simulations/ros2_sims_ws/install/examples_rclrs_minimal_client_service:/home/simulations/ros2_sims_ws/install/sensor_msgs_py:/home/simulations/ros2_sims_ws/install/examples_rclrs_minimal_pub_sub:/home/simulations/ros2_sims_ws/install/examples_rclrs_message_demo:/home/simulations/ros2_sims_ws/install/rclrs:/home/simulations/ros2_sims_ws/install/rosidl_runtime_rs:/opt/ros/humble _=/usr/bin/env /usr/bin/cmake --build /home/user/ros2_ws/src/citylab_project/robot_patrol/build/robot_patrol -- -j8 -l8
